<?xml version="1.0" encoding="UTF-8"?>
<!-- Generated by org.testng.reporters.JUnitXMLReporter -->
<testsuite hostname="AS-40" ignored="1" name="Test" tests="7" failures="0" timestamp="2023-03-30T03:57:03 EET" time="1.775" errors="0">
  <testcase name="Post_UserTest" time="1.212" classname="ApiTestCases.Post_AddUserTest"/>
  <testcase name="get_UserId_Test" time="0.001" classname="ApiTestCases.Post_AddUserTest"/>
  <testcase name="Validate_Response_Code_201_Test" time="0.006" classname="ApiTestCases.Post_AddUserTest"/>
  <testcase name="Validate_Created_FristName_Test" time="0.004" classname="ApiTestCases.Post_AddUserTest"/>
  <testcase name="get_User" time="0.468" classname="ApiTestCases.Get_User"/>
  <testcase name="Validate_Response_Code_200_Test" time="0.003" classname="ApiTestCases.Get_User"/>
  <testcase name="Validate_Retrived_FristName_Test" time="0.002" classname="ApiTestCases.Get_User"/>
  <testcase name="@BeforeSuite baseTest" time="0.0" classname="baseTest.BaseTest">
    <ignored/>
  </testcase> <!-- @BeforeSuite baseTest -->
</testsuite> <!-- Test -->
