<?xml version="1.0" encoding="UTF-8"?>
<!-- Generated by org.testng.reporters.JUnitXMLReporter -->
<testsuite ignored="1" hostname="AS-40" failures="0" tests="7" name="Test" time="1.847" errors="0" timestamp="2023-03-30T03:13:14 EET">
  <testcase classname="ApiTestCases.Post_AddUserTest" name="Post_UserTest" time="1.27"/>
  <testcase classname="ApiTestCases.Post_AddUserTest" name="get_UserId_Test" time="0.002"/>
  <testcase classname="ApiTestCases.Post_AddUserTest" name="Validate_Response_Code_201_Test" time="0.006"/>
  <testcase classname="ApiTestCases.Post_AddUserTest" name="Validate_Created_FristName_Test" time="0.005"/>
  <testcase classname="ApiTestCases.Get_User" name="get_User" time="0.467"/>
  <testcase classname="ApiTestCases.Get_User" name="Validate_Response_Code_200_Test" time="0.002"/>
  <testcase classname="ApiTestCases.Get_User" name="Validate_Retrived_FristName_Test" time="0.002"/>
  <testcase classname="baseTest.BaseTest" name="@BeforeSuite baseTest" time="0.0">
    <ignored/>
  </testcase> <!-- @BeforeSuite baseTest -->
</testsuite> <!-- Test -->
