<?xml version="1.0" encoding="UTF-8"?>
<testng-results ignored="1" total="8" passed="7" failed="0" skipped="0">
  <reporter-output>
  </reporter-output>
  <suite started-at="2023-03-30T03:13:12 EET" name="Suite" finished-at="2023-03-30T03:13:14 EET" duration-ms="1847">
    <groups>
    </groups>
    <test started-at="2023-03-30T03:13:12 EET" name="Test" finished-at="2023-03-30T03:13:14 EET" duration-ms="1847">
      <class name="ApiTestCases.Get_User">
        <test-method signature="get_User()[pri:1, instance:ApiTestCases.Get_User@6f27a732]" started-at="2023-03-30T03:13:13 EET" name="get_User" finished-at="2023-03-30T03:13:14 EET" duration-ms="467" status="PASS">
          <reporter-output>
          </reporter-output>
        </test-method> <!-- get_User -->
        <test-method signature="Validate_Response_Code_200_Test()[pri:2, instance:ApiTestCases.Get_User@6f27a732]" started-at="2023-03-30T03:13:14 EET" name="Validate_Response_Code_200_Test" finished-at="2023-03-30T03:13:14 EET" duration-ms="2" status="PASS">
          <reporter-output>
          </reporter-output>
        </test-method> <!-- Validate_Response_Code_200_Test -->
        <test-method signature="Validate_Retrived_FristName_Test()[pri:3, instance:ApiTestCases.Get_User@6f27a732]" started-at="2023-03-30T03:13:14 EET" name="Validate_Retrived_FristName_Test" finished-at="2023-03-30T03:13:14 EET" duration-ms="2" status="PASS">
          <reporter-output>
          </reporter-output>
        </test-method> <!-- Validate_Retrived_FristName_Test -->
      </class> <!-- ApiTestCases.Get_User -->
      <class name="ApiTestCases.Post_AddUserTest">
        <test-method is-config="true" signature="baseTest()[pri:0, instance:ApiTestCases.Post_AddUserTest@68e965f5]" started-at="2023-03-30T03:13:12 EET" name="baseTest" finished-at="2023-03-30T03:13:12 EET" duration-ms="259" status="PASS">
          <reporter-output>
          </reporter-output>
        </test-method> <!-- baseTest -->
        <test-method signature="Post_UserTest()[pri:1, instance:ApiTestCases.Post_AddUserTest@68e965f5]" started-at="2023-03-30T03:13:12 EET" name="Post_UserTest" finished-at="2023-03-30T03:13:13 EET" duration-ms="1270" status="PASS">
          <reporter-output>
          </reporter-output>
        </test-method> <!-- Post_UserTest -->
        <test-method signature="get_UserId_Test()[pri:2, instance:ApiTestCases.Post_AddUserTest@68e965f5]" started-at="2023-03-30T03:13:13 EET" name="get_UserId_Test" finished-at="2023-03-30T03:13:13 EET" duration-ms="2" status="PASS">
          <reporter-output>
          </reporter-output>
        </test-method> <!-- get_UserId_Test -->
        <test-method signature="Validate_Response_Code_201_Test()[pri:3, instance:ApiTestCases.Post_AddUserTest@68e965f5]" started-at="2023-03-30T03:13:13 EET" name="Validate_Response_Code_201_Test" finished-at="2023-03-30T03:13:13 EET" duration-ms="6" status="PASS">
          <reporter-output>
          </reporter-output>
        </test-method> <!-- Validate_Response_Code_201_Test -->
        <test-method signature="Validate_Created_FristName_Test()[pri:4, instance:ApiTestCases.Post_AddUserTest@68e965f5]" started-at="2023-03-30T03:13:13 EET" name="Validate_Created_FristName_Test" finished-at="2023-03-30T03:13:13 EET" duration-ms="5" status="PASS">
          <reporter-output>
          </reporter-output>
        </test-method> <!-- Validate_Created_FristName_Test -->
      </class> <!-- ApiTestCases.Post_AddUserTest -->
    </test> <!-- Test -->
  </suite> <!-- Suite -->
</testng-results>
