<?xml version="1.0" encoding="UTF-8"?>
<testng-results skipped="0" failed="0" ignored="1" total="8" passed="7">
  <reporter-output>
  </reporter-output>
  <suite name="Suite" duration-ms="1775" started-at="2023-03-30T03:57:01 EET" finished-at="2023-03-30T03:57:02 EET">
    <groups>
    </groups>
    <test name="Test" duration-ms="1775" started-at="2023-03-30T03:57:01 EET" finished-at="2023-03-30T03:57:02 EET">
      <class name="ApiTestCases.Get_User">
        <test-method status="PASS" signature="get_User()[pri:1, instance:ApiTestCases.Get_User@16aaa8d]" name="get_User" duration-ms="468" started-at="2023-03-30T03:57:02 EET" finished-at="2023-03-30T03:57:02 EET">
          <reporter-output>
          </reporter-output>
        </test-method> <!-- get_User -->
        <test-method status="PASS" signature="Validate_Response_Code_200_Test()[pri:2, instance:ApiTestCases.Get_User@16aaa8d]" name="Validate_Response_Code_200_Test" duration-ms="3" started-at="2023-03-30T03:57:02 EET" finished-at="2023-03-30T03:57:02 EET">
          <reporter-output>
          </reporter-output>
        </test-method> <!-- Validate_Response_Code_200_Test -->
        <test-method status="PASS" signature="Validate_Retrived_FristName_Test()[pri:3, instance:ApiTestCases.Get_User@16aaa8d]" name="Validate_Retrived_FristName_Test" duration-ms="2" started-at="2023-03-30T03:57:02 EET" finished-at="2023-03-30T03:57:02 EET">
          <reporter-output>
          </reporter-output>
        </test-method> <!-- Validate_Retrived_FristName_Test -->
      </class> <!-- ApiTestCases.Get_User -->
      <class name="ApiTestCases.Post_AddUserTest">
        <test-method status="PASS" signature="baseTest()[pri:0, instance:ApiTestCases.Post_AddUserTest@19e5ddf]" name="baseTest" is-config="true" duration-ms="247" started-at="2023-03-30T03:57:00 EET" finished-at="2023-03-30T03:57:01 EET">
          <reporter-output>
          </reporter-output>
        </test-method> <!-- baseTest -->
        <test-method status="PASS" signature="Post_UserTest()[pri:1, instance:ApiTestCases.Post_AddUserTest@19e5ddf]" name="Post_UserTest" duration-ms="1212" started-at="2023-03-30T03:57:01 EET" finished-at="2023-03-30T03:57:02 EET">
          <reporter-output>
          </reporter-output>
        </test-method> <!-- Post_UserTest -->
        <test-method status="PASS" signature="get_UserId_Test()[pri:2, instance:ApiTestCases.Post_AddUserTest@19e5ddf]" name="get_UserId_Test" duration-ms="1" started-at="2023-03-30T03:57:02 EET" finished-at="2023-03-30T03:57:02 EET">
          <reporter-output>
          </reporter-output>
        </test-method> <!-- get_UserId_Test -->
        <test-method status="PASS" signature="Validate_Response_Code_201_Test()[pri:3, instance:ApiTestCases.Post_AddUserTest@19e5ddf]" name="Validate_Response_Code_201_Test" duration-ms="6" started-at="2023-03-30T03:57:02 EET" finished-at="2023-03-30T03:57:02 EET">
          <reporter-output>
          </reporter-output>
        </test-method> <!-- Validate_Response_Code_201_Test -->
        <test-method status="PASS" signature="Validate_Created_FristName_Test()[pri:4, instance:ApiTestCases.Post_AddUserTest@19e5ddf]" name="Validate_Created_FristName_Test" duration-ms="4" started-at="2023-03-30T03:57:02 EET" finished-at="2023-03-30T03:57:02 EET">
          <reporter-output>
          </reporter-output>
        </test-method> <!-- Validate_Created_FristName_Test -->
      </class> <!-- ApiTestCases.Post_AddUserTest -->
    </test> <!-- Test -->
  </suite> <!-- Suite -->
</testng-results>
